make all --print-data-base --no-builtin-variables --no-builtin-rules --question
# GNU Make 3.81
# Copyright (C) 2006  Free Software Foundation, Inc.
# This is free software; see the source for copying conditions.
# There is NO warranty; not even for MERCHANTABILITY or FITNESS FOR A
# PARTICULAR PURPOSE.

# This program built for i386-apple-darwin11.3.0
 
make: *** No rule to make target `all'.  Stop.


# Make data base, printed on Wed Apr 12 19:13:47 2023

# Variables

# automatic
<D = $(patsubst %/,%,$(dir $<))
# automatic
?F = $(notdir $?)
# environment
VSCODE_CRASH_REPORTER_PROCESS_TYPE = extensionHost
# environment
NVM_INC = /Users/jon/.nvm/versions/node/v10.0.0/include/node
# automatic
 
?D = $(patsubst %/,%,$(dir $?))
# automatic
@D = $(patsubst %/,%,$(dir $@))
# automatic
@F = $(notdir $@)
# makefile
CURDIR := /Users/jon/Documents/GitHub/leaderboard
# makefile (from `Makefile', line 5)
SHELL := /bin/sh
# environment
VSCODE_NLS_CONFIG = {"locale":"en-us","osLocale":"en-ie","availableLanguages":{},"_languagePackSupport":true}
# environment
_ = /usr/bin/make
# makefile (from `Makefile', line 34)
TESTABLE_PACKAGES := $$(go list ./... | egrep -v 'constants|mocks|testing')
# makefile (from `.env', line 1)
MAKEFILE_LIST :=  Makefile mocks.mk pg.mk .env
# environment
VSCODE_AMD_ENTRYPOINT = vs/workbench/api/node/extensionHostProcess
# makefile (from `pg.mk', line 1)
ADDRESS = $(if $(DB_ADDRESS),$(DB_ADDRESS),'localhost:9200')
# environment
__CFBundleIdentifier = com.microsoft.VSCode
# environment
VSCODE_CWD = /
# environment
GOPROXY = https://proxy.golang.org,direct
# environment
PATH = /Users/jon/.nvm/versions/node/v10.0.0/bin:/usr/local/bin:/usr/bin:/bin:/usr/sbin:/sbin:/go/bin:/usr/local/go/bin:/usr/local/share/dotnet:~/.dotnet/tools:/Library/Apple/usr/bin:/Library/Frameworks/Mono.framework/Versions/Current/Commands
# environment
GOPATH = /Users/jon/go
# environment
NVM_BIN = /Users/jon/.nvm/versions/node/v10.0.0/bin
# environment
ELECTRON_RUN_AS_NODE = 1
# makefile (from `pg.mk', line 4)
PASSWORD = $(if $(DB_PASSWORD),$(DB_PASSWORD),'')
# default
.FEATURES := target-specific order-only second-expansion else-if archives jobserver check-symlink
# environment
SSH_AUTH_SOCK = /private/tmp/com.apple.launchd.xbFmV1wpg0/Listeners
# automatic
%F = $(notdir $%)
# environment
PWD = /Users/jon/Documents/GitHub/leaderboard
# environment
ORIGINAL_XDG_CURRENT_DESKTOP = undefined
# environment
GOMODCACHE = /Users/jon/go/pkg/mod
# environment
HOME = /Users/jon
# default
MAKEFILEPATH := /Applications/Xcode.app/Contents/Developer/Makefiles
# environment
VSCODE_CODE_CACHE_PATH = /Users/jon/Library/Application Support/Code/CachedData/b7886d7461186a5eac768481578c1d7ca80e2d21
# environment
LOGNAME = jon
# environment
APPLICATION_INSIGHTS_NO_DIAGNOSTIC_CHANNEL = 1
# environment
VSCODE_HANDLES_UNCAUGHT_ERRORS = true
# automatic
^D = $(patsubst %/,%,$(dir $^))
# environment
XPC_FLAGS = 0x0
# default
MAKE = $(MAKE_COMMAND)
# default
MAKECMDGOALS := all
# environment
SHLVL = 2
# default
MAKE_VERSION := 3.81
# makefile (from `pg.mk', line 3)
USER = $(if $(DB_USER),$(DB_USER),'user')
# makefile
.DEFAULT_GOAL := mocks
# automatic
%D = $(patsubst %/,%,$(dir $%))
# default
MAKE_COMMAND := /Applications/Xcode.app/Contents/Developer/usr/bin/make
# default
.VARIABLES := 
# environment
TMPDIR = /var/folders/jp/g6n8h84x2tq4tlq16tzk4n4m0000gn/T/
# automatic
*F = $(notdir $*)
# environment
VSCODE_IPC_HOOK = /Users/jon/Library/Application Support/Code/1.77-main.sock
# environment
MallocNanoZone = 0
# makefile
MAKEFLAGS = Rrqp
# environment
MFLAGS = -Rrqp
# automatic
*D = $(patsubst %/,%,$(dir $*))
# environment
NVM_DIR = /Users/jon/.nvm
# environment
XPC_SERVICE_NAME = application.com.microsoft.VSCode.33025513.33025519
# automatic
+D = $(patsubst %/,%,$(dir $+))
# automatic
+F = $(notdir $+)
# makefile (from `Makefile', line 6)
PACKAGES := github.com/byyjoww/leaderboard github.com/byyjoww/leaderboard/bll/leaderboard github.com/byyjoww/leaderboard/bll/participant github.com/byyjoww/leaderboard/cmd github.com/byyjoww/leaderboard/config github.com/byyjoww/leaderboard/constants github.com/byyjoww/leaderboard/dal github.com/byyjoww/leaderboard/dal/leaderboard github.com/byyjoww/leaderboard/dal/participant github.com/byyjoww/leaderboard/logging github.com/byyjoww/leaderboard/migrations github.com/byyjoww/leaderboard/mocks github.com/byyjoww/leaderboard/servers/api/handler github.com/byyjoww/leaderboard/servers/api/http github.com/byyjoww/leaderboard/servers/telemetry/http github.com/byyjoww/leaderboard/services/http github.com/byyjoww/leaderboard/services/http/client github.com/byyjoww/leaderboard/services/http/client/auth github.com/byyjoww/leaderboard/services/http/decoder github.com/byyjoww/leaderboard/services/http/server github.com/byyjoww/leaderboard/services/http/server/handler github.com/byyjoww/leaderboard/services/http/server/middleware github.com/byyjoww/leaderboard/services/http/server/response github.com/byyjoww/leaderboard/services/http/test github.com/byyjoww/leaderboard/test
# environment
__CF_USER_TEXT_ENCODING = 0x1F5:0x0:0x6C
# environment
COMMAND_MODE = unix2003
# default
MAKEFILES := 
# automatic
<F = $(notdir $<)
# environment
LC_ALL = C
# makefile (from `pg.mk', line 2)
DATABASE = $(if $(DB_DATABASE),$(DB_DATABASE),'postgres')
# automatic
^F = $(notdir $^)
# default
SUFFIXES := 
# default
.INCLUDE_DIRS = /usr/local/include
# environment
MAKELEVEL := 0
# environment
LANG = C
# environment
VSCODE_PID = 3649
# variable set hash-table stats:
# Load=70/1024=7%, Rehash=0, Collisions=2/105=2%

# Pattern-specific Variable Values

# No pattern-specific variable values.

# Directories

# . (device 16777221, inode 32945543): 28 files, no impossibilities.

# 28 files, no impossibilities in 1 directories.

# Implicit Rules

# No implicit rules.

# Files

dal-mocks:
#  Implicit rule search has not been done.
#  Modification time never checked.
#  File has not been updated.
#  commands to execute (from `mocks.mk', line 19):
	@make leaderboard-dal-mock
	@make participant-dal-mock
	

bll-mocks:
#  Implicit rule search has not been done.
#  Modification time never checked.
#  File has not been updated.
#  commands to execute (from `mocks.mk', line 8):
	@make leaderboard-controller-bll-mock
	@make participant-controller-bll-mock
	

migrate-down:
#  Implicit rule search has not been done.
#  Modification time never checked.
#  File has not been updated.
#  commands to execute (from `pg.mk', line 37):
	@echo "Running rollback migration on database: $(ADDRESS)"
	@cd migrations && go run *.go -address $(ADDRESS) -user $(USER) -pass $(PASSWORD) -database $(DATABASE) down
	

# Not a target:
pg.mk:
#  Implicit rule search has been done.
#  Last modified 2023-04-09 15:38:33
#  File has been updated.
#  Successfully updated.
# variable set hash-table stats:
# Load=0/32=0%, Rehash=0, Collisions=0/0=0%

# Not a target:
all:
#  Command-line target.
#  Implicit rule search has been done.
#  File does not exist.
#  File has not been updated.
# variable set hash-table stats:
# Load=0/32=0%, Rehash=0, Collisions=0/0=0%

deps-test:
#  Implicit rule search has not been done.
#  Modification time never checked.
#  File has not been updated.
#  commands to execute (from `pg.mk', line 22):
	@echo "Setting test up environment"
	@ENV=test ./scripts/deps/main.sh
	@make migrations-init migrations-up ADDRESS=localhost:9050
	

.PHONY: mocks build run-api dev-run-api test-unit test-integration fix lint
#  Implicit rule search has not been done.
#  Modification time never checked.
#  File has not been updated.

migration-version:
#  Implicit rule search has not been done.
#  Modification time never checked.
#  File has not been updated.
#  commands to execute (from `pg.mk', line 42):
	@cd migrations && go run *.go -address $(ADDRESS) version
	

participant-controller-bll-mock:
#  Implicit rule search has not been done.
#  Modification time never checked.
#  File has not been updated.
#  commands to execute (from `mocks.mk', line 15):
	@mockgen -source=bll/participant/controller.go -package mocks -mock_names="Controller=MockParticipantController" -destination mocks/participant_controller_bll.go
	

deps:
#  Implicit rule search has not been done.
#  Modification time never checked.
#  File has not been updated.
 
#  commands to execute (from `pg.mk', line 12):
	@./scripts/deps/main.sh
	@make migrations-init migrations-up ADDRESS=$(ADDRESS)
	

run-with-deps:
#  Implicit rule search has not been done.
#  Modification time never checked.
#  File has not been updated.
#  commands to execute (from `pg.mk', line 7):
	@make kill-deps
	@make deps
	@go run .
	

migrations-up:
#  Implicit rule search has not been done.
#  Modification time never checked.
#  File has not been updated.
#  commands to execute (from `pg.mk', line 33):
	@echo "Running migration on database: $(ADDRESS)"
	@cd migrations && go run *.go -address $(ADDRESS) -user $(USER) -pass $(PASSWORD) -database $(DATABASE) up
	

# Not a target:
.SUFFIXES:
#  Implicit rule search has not been done.
#  Modification time never checked.
#  File has not been updated.

# Not a target:
Makefile:
#  Implicit rule search has been done.
#  Last modified 2023-04-10 12:25:55
#  File has been updated.
#  Successfully updated.
# variable set hash-table stats:
# Load=0/32=0%, Rehash=0, Collisions=0/0=0%

leaderboard-dal-mock:
#  Implicit rule search has not been done.
#  Modification time never checked.
#  File has not been updated.
#  commands to execute (from `mocks.mk', line 23):
	@mockgen -source=dal/leaderboard/dal.go -package mocks -mock_names="LeaderboardDAL=MockLeaderboardDAL" -destination mocks/leaderboard_dal.go
	

kill-deps-test:
#  Implicit rule search has not been done.
#  Modification time never checked.
#  File has not been updated.
#  commands to execute (from `pg.mk', line 27):
	@cd docker/test && docker-compose down
	

build:
#  Phony target (prerequisite of .PHONY).
#  Implicit rule search has not been done.
#  File does not exist.
#  File has not been updated.
#  commands to execute (from `Makefile', line 18):
	go build .
	

fix:
#  Phony target (prerequisite of .PHONY).
#  Implicit rule search has not been done.
#  File does not exist.
#  File has not been updated.
#  commands to execute (from `Makefile', line 54):
	go mod tidy
	

test-unit:
#  Phony target (prerequisite of .PHONY).
#  Implicit rule search has not been done.
#  File does not exist.
#  File has not been updated.
#  commands to execute (from `Makefile', line 38):
	echo 'Starting unit tests...'
	go test -timeout 50000ms -tags=unit -coverprofile=coverage.out ./...
	

kill-deps:
#  Implicit rule search has not been done.
#  Modification time never checked.
#  File has not been updated.
#  commands to execute (from `pg.mk', line 16):
	@echo "Removing containers"
	@for DIR in docker/*; do \
	docker-compose -f $$DIR/docker-compose.yaml down --remove-orphans -v; \
	done
	

# Not a target:
.env:
#  A default, MAKEFILES, or -include/sinclude makefile.
#  Implicit rule search has been done.
#  Last modified 2023-04-09 15:25:50
#  File has been updated.
#  Successfully updated.
# variable set hash-table stats:
# Load=0/32=0%, Rehash=0, Collisions=0/0=0%

dev-run-api:
#  Phony target (prerequisite of .PHONY).
#  Implicit rule search has not been done.
#  File does not exist.
#  File has not been updated.
#  commands to execute (from `Makefile', line 27):
	@make build
	./leaderboard start --type=api
	

# Not a target:
.DEFAULT:
#  Implicit rule search has not been done.
#  Modification time never checked.
#  File has not been updated.

participant-dal-mock:
#  Implicit rule search has not been done.
#  Modification time never checked.
#  File has not been updated.
#  commands to execute (from `mocks.mk', line 26):
	@mockgen -source=dal/participant/dal.go -package mocks -mock_names="ParticipantDAL=MockParticipantDAL" -destination mocks/participant_dal.go
	

# Not a target:
mocks.mk:
#  Implicit rule search has been done.
#  Last modified 2023-04-12 15:42:06
#  File has been updated.
#  Successfully updated.
# variable set hash-table stats:
# Load=0/32=0%, Rehash=0, Collisions=0/0=0%

mocks:
#  Phony target (prerequisite of .PHONY).
#  Implicit rule search has not been done.
#  File does not exist.
#  File has not been updated.
#  commands to execute (from `mocks.mk', line 3):
	@make bll-mocks
	@make dal-mocks
	

lint:
#  Phony target (prerequisite of .PHONY).
#  Implicit rule search has not been done.
#  File does not exist.
#  File has not been updated.
#  commands to execute (from `Makefile', line 58):
	go run github.com/golangci/golangci-lint/cmd/golangci-lint run
	go run golang.org/x/lint/golint $(PACKAGES)
	

run-api:
#  Phony target (prerequisite of .PHONY).
#  Implicit rule search has not been done.
#  File does not exist.
#  File has not been updated.
#  commands to execute (from `Makefile', line 22):
	build
	leaderboard start --type=api
	

leaderboard-controller-bll-mock:
#  Implicit rule search has not been done.
#  Modification time never checked.
#  File has not been updated.
#  commands to execute (from `mocks.mk', line 12):
	@mockgen -source=bll/leaderboard/interfaces.go -package mocks -mock_names="Controller=MockLeaderboardController" -destination mocks/leaderboard_controller_bll.go
	

migrations-init:
#  Implicit rule search has not been done.
#  Modification time never checked.
#  File has not been updated.
#  commands to execute (from `pg.mk', line 30):
	@cd migrations && go run *.go -address $(ADDRESS) -user $(USER) -pass $(PASSWORD) -database $(DATABASE) init
	

test-integration:
#  Phony target (prerequisite of .PHONY).
#  Implicit rule search has not been done.
#  File does not exist.
#  File has not been updated.
#  commands to execute (from `Makefile', line 43):
	echo 'Starting integration tests...'
	@GO111MODULE=on go test ${TESTABLE_PACKAGES} -tags=integration -coverprofile integration.coverprofile
	go test -tags=integration -coverprofile=coverage.out ./...
	echo 'Removing test environment...'
	

# files hash-table stats:
# Load=31/1024=3%, Rehash=0, Collisions=2/61=3%
# VPATH Search Paths

# No `vpath' search paths.

# No general (`VPATH' variable) search path.

# # of strings in strcache: 4
# # of strcache buffers: 1
# strcache size: total = 4096 / max = 4096 / min = 4096 / avg = 4096
# strcache free: total = 4067 / max = 4067 / min = 4067 / avg = 4067

# Finished Make data base on Wed Apr 12 19:13:47 2023

 
